<?xml version="1.0" encoding="UTF-8"?>
<!-- Generated by org.testng.reporters.JUnitXMLReporter -->
<testsuite hostname="Chethans-MacBook-Air.local" ignored="0" name="Test" tests="16" failures="5" timestamp="30 Jan 2019 12:39:01 GMT" time="441.795" errors="0">
  <testcase name="verifyNewEntryFunctionality" time="15.372" classname="com.pharmeasy.MercuryUI.Gatepass.TC_001_VerifyNewEntryFunctionality"/>
  <testcase name="verifyVendorSelectionInGatePassPage" time="14.77" classname="com.pharmeasy.MercuryUI.Gatepass.TC_002_VerifyVendorSelection"/>
  <testcase name="verifyGatePassCreation" time="16.383" classname="com.pharmeasy.MercuryUI.Gatepass.TC_003_VerifyGatePassCreation"/>
  <testcase name="verifyGatePassCreatedDetailsInOrderDetails" time="17.363" classname="com.pharmeasy.MercuryUI.Gatepass.TC_004_VerifyGatePassCreatedDetailsInOrderDetails">
    <failure type="java.lang.AssertionError" message="expected [Gatepass Created Successfully] but found [Duplicate invoice number]">
      <![CDATA[java.lang.AssertionError: expected [Gatepass Created Successfully] but found [Duplicate invoice number]
at com.pharmeasy.MercuryUI.Gatepass.TC_004_VerifyGatePassCreatedDetailsInOrderDetails.verifyGatePassCreatedDetailsInOrderDetails(TC_004_VerifyGatePassCreatedDetailsInOrderDetails.java:41)
... Removed 31 stack frames]]>
    </failure>
  </testcase> <!-- verifyGatePassCreatedDetailsInOrderDetails -->
  <testcase name="verifyMandatoryFieldMSG_Invoice" time="15.973" classname="com.pharmeasy.MercuryUI.Gatepass.TC_005_VerifyMandatoryFields"/>
  <testcase name="verifyMandatoryFieldMSG_Invoicenum" time="17.039" classname="com.pharmeasy.MercuryUI.Gatepass.TC_006_VerifyMandatoryFieldsAreHighlighted"/>
  <testcase name="verifyErrorMSGforVendor" time="25.643" classname="com.pharmeasy.MercuryUI.Gatepass.TC_007_VerifyErrorMessageForVendorSelection">
    <failure type="java.lang.AssertionError" message="expected [Choose a vendor.] but found []">
      <![CDATA[java.lang.AssertionError: expected [Choose a vendor.] but found []
at com.pharmeasy.MercuryUI.Gatepass.TC_007_VerifyErrorMessageForVendorSelection.verifyErrorMSGforVendor(TC_007_VerifyErrorMessageForVendorSelection.java:24)
... Removed 31 stack frames]]>
    </failure>
  </testcase> <!-- verifyErrorMSGforVendor -->
  <testcase name="verifyVendorSearch" time="58.113" classname="com.pharmeasy.MercuryUI.Gatepass.TC_008_VerifyVendorSearchFunctionality">
    <failure type="java.lang.AssertionError" message="expected [true] but found [false]">
      <![CDATA[java.lang.AssertionError: expected [true] but found [false]
at com.pharmeasy.MercuryUI.Gatepass.TC_008_VerifyVendorSearchFunctionality.verifyVendorSearch(TC_008_VerifyVendorSearchFunctionality.java:30)
... Removed 29 stack frames]]>
    </failure>
  </testcase> <!-- verifyVendorSearch -->
  <testcase name="verifyInvoiceNumberSearch" time="26.772" classname="com.pharmeasy.MercuryUI.Gatepass.TC_009_VerifyInvoiceNumberSearchFunctionality"/>
  <testcase name="verifyDateSearch" time="24.148" classname="com.pharmeasy.MercuryUI.Gatepass.TC_010_VerifyDateSearchFunctionality">
    <failure type="java.lang.AssertionError" message="expected [true] but found [false]">
      <![CDATA[java.lang.AssertionError: expected [true] but found [false]
at com.pharmeasy.MercuryUI.Gatepass.TC_010_VerifyDateSearchFunctionality.verifyDateSearch(TC_010_VerifyDateSearchFunctionality.java:33)
... Removed 29 stack frames]]>
    </failure>
  </testcase> <!-- verifyDateSearch -->
  <testcase name="verifyUpdate" time="17.11" classname="com.pharmeasy.MercuryUI.Gatepass.TC_011_VerifyGatePassUpdation">
    <failure type="java.lang.AssertionError" message="expected [Gatepass Updated Successfully] but found [Duplicate invoice number]">
      <![CDATA[java.lang.AssertionError: expected [Gatepass Updated Successfully] but found [Duplicate invoice number]
at com.pharmeasy.MercuryUI.Gatepass.TC_011_VerifyGatePassUpdation.verifyUpdate(TC_011_VerifyGatePassUpdation.java:32)
... Removed 31 stack frames]]>
    </failure>
  </testcase> <!-- verifyUpdate -->
  <testcase name="verifyMandatoryFieldMSG_Amount" time="15.874" classname="com.pharmeasy.MercuryUI.Gatepass.TC_005_VerifyMandatoryFields"/>
  <testcase name="verifyMandatoryFieldMSG_Amount" time="17.006" classname="com.pharmeasy.MercuryUI.Gatepass.TC_006_VerifyMandatoryFieldsAreHighlighted"/>
  <testcase name="verifyInvoiceNumUpdate" time="24.396" classname="com.pharmeasy.MercuryUI.Gatepass.TC_011_VerifyGatePassUpdation"/>
  <testcase name="verifyMandatoryFieldMSG_PO" time="15.892" classname="com.pharmeasy.MercuryUI.Gatepass.TC_005_VerifyMandatoryFields"/>
  <testcase name="verifyInvoiceAmountUpdate" time="24.335" classname="com.pharmeasy.MercuryUI.Gatepass.TC_011_VerifyGatePassUpdation"/>
</testsuite> <!-- Test -->
