<?xml version="1.0" encoding="UTF-8"?>
<!-- Generated by org.testng.reporters.JUnitXMLReporter -->
<testsuite hostname="Chethans-MacBook-Air.local" ignored="0" name="Test" tests="1" failures="1" timestamp="22 Feb 2019 07:26:33 GMT" time="34.388" errors="0">
  <testcase name="verifySearchByDateFunctionality" time="28.758" classname="com.pharmeasy.MercuryUI.PurchaseEntry.TC001_VerifySearchByDateFunctionality">
    <failure type="java.lang.AssertionError" message="expected [true] but found [false]">
      <![CDATA[java.lang.AssertionError: expected [true] but found [false]
at com.pharmeasy.MercuryUI.PurchaseEntry.TC001_VerifySearchByDateFunctionality.verifySearchByDateFunctionality(TC001_VerifySearchByDateFunctionality.java:41)
... Removed 29 stack frames]]>
    </failure>
  </testcase> <!-- verifySearchByDateFunctionality -->
</testsuite> <!-- Test -->
